<?xml version="1.0" encoding="UTF-8"?>
<robot generator="Robot 7.2.2 (Python 3.12.5 on win32)" generated="2025-04-27T20:46:02.914555" rpa="false" schemaversion="5">
<suite id="s1" name="Logintest" source="E:\TuDongHoaQuyTrinh\Chương4\logintest.robot">
<test id="s1-t1" name="Đăng nhập hợp lệ" line="15">
<kw name="Open Browser" owner="SeleniumLibrary">
<msg time="2025-04-27T20:46:03.239339" level="INFO">Opening browser 'chrome' to base url 'https://opensource-demo.orangehrmlive.com/web/index.php/auth/login'.</msg>
<arg>${URL}</arg>
<arg>${BROWSER}</arg>
<doc>Opens a new browser instance to the optional ``url``.</doc>
<status status="PASS" start="2025-04-27T20:46:03.238727" elapsed="4.058188"/>
</kw>
<kw name="Maximize Browser Window" owner="SeleniumLibrary">
<doc>Maximizes current browser window.</doc>
<status status="PASS" start="2025-04-27T20:46:07.296915" elapsed="0.046322"/>
</kw>
<kw name="Wait Until Element Is Visible" owner="SeleniumLibrary">
<arg>xpath=//input[@name='username']</arg>
<arg>timeout=10s</arg>
<doc>Waits until the element ``locator`` is visible.</doc>
<status status="PASS" start="2025-04-27T20:46:07.344252" elapsed="0.481043"/>
</kw>
<kw name="Custom Login">
<kw name="Input Text" owner="SeleniumLibrary">
<msg time="2025-04-27T20:46:07.826283" level="INFO">Typing text 'Admin' into text field 'xpath=//input[@name='username']'.</msg>
<arg>xpath=//input[@name='username']</arg>
<arg>${username}</arg>
<doc>Types the given ``text`` into the text field identified by ``locator``.</doc>
<status status="PASS" start="2025-04-27T20:46:07.826283" elapsed="0.080683"/>
</kw>
<kw name="Input Text" owner="SeleniumLibrary">
<msg time="2025-04-27T20:46:07.907956" level="INFO">Typing text 'admin123' into text field 'xpath=//input[@name='password']'.</msg>
<arg>xpath=//input[@name='password']</arg>
<arg>${password}</arg>
<doc>Types the given ``text`` into the text field identified by ``locator``.</doc>
<status status="PASS" start="2025-04-27T20:46:07.906966" elapsed="0.097416"/>
</kw>
<kw name="Click Button" owner="SeleniumLibrary">
<msg time="2025-04-27T20:46:08.004382" level="INFO">Clicking button 'xpath=//button[@type='submit']'.</msg>
<arg>xpath=//button[@type='submit']</arg>
<doc>Clicks the button identified by ``locator``.</doc>
<status status="PASS" start="2025-04-27T20:46:08.004382" elapsed="0.072336"/>
</kw>
<kw name="Sleep" owner="BuiltIn">
<msg time="2025-04-27T20:46:10.078020" level="INFO">Slept 2 seconds.</msg>
<arg>2s</arg>
<doc>Pauses the test executed for the given time.</doc>
<status status="PASS" start="2025-04-27T20:46:08.077754" elapsed="2.000266"/>
</kw>
<arg>${VALID_USER}</arg>
<arg>${VALID_PASS}</arg>
<status status="PASS" start="2025-04-27T20:46:07.825295" elapsed="2.252725"/>
</kw>
<kw name="Verify Login Success">
<kw name="Page Should Contain Element" owner="SeleniumLibrary">
<msg time="2025-04-27T20:46:10.098921" level="INFO">Current page contains element 'xpath=//p[@class='oxd-userdropdown-name']'.</msg>
<arg>xpath=//p[@class='oxd-userdropdown-name']</arg>
<doc>Verifies that element ``locator`` is found on the current page.</doc>
<status status="PASS" start="2025-04-27T20:46:10.080816" elapsed="0.018105"/>
</kw>
<kw name="Log To Console" owner="BuiltIn">
<arg>✅ Đăng nhập thành công với tài khoản: ${VALID_USER}</arg>
<doc>Logs the given message to the console.</doc>
<status status="PASS" start="2025-04-27T20:46:10.100044" elapsed="0.000587"/>
</kw>
<status status="PASS" start="2025-04-27T20:46:10.080381" elapsed="0.020250"/>
</kw>
<kw name="Close Browser" owner="SeleniumLibrary">
<doc>Closes the current browser.</doc>
<status status="PASS" start="2025-04-27T20:46:10.100631" elapsed="2.214432"/>
</kw>
<status status="PASS" start="2025-04-27T20:46:03.237625" elapsed="9.078434"/>
</test>
<test id="s1-t2" name="Đăng nhập không hợp lệ" line="23">
<kw name="Open Browser" owner="SeleniumLibrary">
<msg time="2025-04-27T20:46:12.319662" level="INFO">Opening browser 'chrome' to base url 'https://opensource-demo.orangehrmlive.com/web/index.php/auth/login'.</msg>
<arg>${URL}</arg>
<arg>${BROWSER}</arg>
<doc>Opens a new browser instance to the optional ``url``.</doc>
<status status="PASS" start="2025-04-27T20:46:12.319662" elapsed="4.323386"/>
</kw>
<kw name="Maximize Browser Window" owner="SeleniumLibrary">
<doc>Maximizes current browser window.</doc>
<status status="PASS" start="2025-04-27T20:46:16.644042" elapsed="0.038509"/>
</kw>
<kw name="Wait Until Element Is Visible" owner="SeleniumLibrary">
<arg>xpath=//input[@name='username']</arg>
<arg>timeout=10s</arg>
<doc>Waits until the element ``locator`` is visible.</doc>
<status status="PASS" start="2025-04-27T20:46:16.683547" elapsed="0.456642"/>
</kw>
<kw name="Custom Login">
<kw name="Input Text" owner="SeleniumLibrary">
<msg time="2025-04-27T20:46:17.141193" level="INFO">Typing text 'wronguser # Username không hợp lệ' into text field 'xpath=//input[@name='username']'.</msg>
<arg>xpath=//input[@name='username']</arg>
<arg>${username}</arg>
<doc>Types the given ``text`` into the text field identified by ``locator``.</doc>
<status status="PASS" start="2025-04-27T20:46:17.140189" elapsed="0.133622"/>
</kw>
<kw name="Input Text" owner="SeleniumLibrary">
<msg time="2025-04-27T20:46:17.274811" level="INFO">Typing text 'wrongpass # Password không hợp lệ' into text field 'xpath=//input[@name='password']'.</msg>
<arg>xpath=//input[@name='password']</arg>
<arg>${password}</arg>
<doc>Types the given ``text`` into the text field identified by ``locator``.</doc>
<status status="PASS" start="2025-04-27T20:46:17.274811" elapsed="0.151112"/>
</kw>
<kw name="Click Button" owner="SeleniumLibrary">
<msg time="2025-04-27T20:46:17.426944" level="INFO">Clicking button 'xpath=//button[@type='submit']'.</msg>
<arg>xpath=//button[@type='submit']</arg>
<doc>Clicks the button identified by ``locator``.</doc>
<status status="PASS" start="2025-04-27T20:46:17.426944" elapsed="0.097158"/>
</kw>
<kw name="Sleep" owner="BuiltIn">
<msg time="2025-04-27T20:46:19.524322" level="INFO">Slept 2 seconds.</msg>
<arg>2s</arg>
<doc>Pauses the test executed for the given time.</doc>
<status status="PASS" start="2025-04-27T20:46:17.524102" elapsed="2.000220"/>
</kw>
<arg>${INVALID_USER}</arg>
<arg>${INVALID_PASS}</arg>
<status status="PASS" start="2025-04-27T20:46:17.140189" elapsed="2.384133"/>
</kw>
<kw name="Verify Login Failed">
<kw name="Page Should Contain" owner="SeleniumLibrary">
<msg time="2025-04-27T20:46:19.563490" level="INFO">Current page contains text 'Invalid credentials'.</msg>
<arg>Invalid credentials</arg>
<doc>Verifies that current page contains ``text``.</doc>
<status status="PASS" start="2025-04-27T20:46:19.525335" elapsed="0.038155"/>
</kw>
<kw name="Log To Console" owner="BuiltIn">
<arg>❌ Đăng nhập thất bại vì sai tài khoản: ${INVALID_USER}</arg>
<doc>Logs the given message to the console.</doc>
<status status="PASS" start="2025-04-27T20:46:19.563490" elapsed="0.000000"/>
</kw>
<status status="PASS" start="2025-04-27T20:46:19.525335" elapsed="0.038155"/>
</kw>
<kw name="Close Browser" owner="SeleniumLibrary">
<doc>Closes the current browser.</doc>
<status status="PASS" start="2025-04-27T20:46:19.564490" elapsed="2.151104"/>
</kw>
<status status="PASS" start="2025-04-27T20:46:12.318065" elapsed="9.397529"/>
</test>
<doc>Test cases login trang OrangeHRM</doc>
<status status="PASS" start="2025-04-27T20:46:02.916557" elapsed="18.801036"/>
</suite>
<statistics>
<total>
<stat pass="2" fail="0" skip="0">All Tests</stat>
</total>
<tag>
</tag>
<suite>
<stat name="Logintest" id="s1" pass="2" fail="0" skip="0">Logintest</stat>
</suite>
</statistics>
<errors>
</errors>
</robot>
